# JRE version: OpenJDK Runtime Environment Temurin-17.0.9+9 (17.0.9+9) (build 17.0.9+9)
# Java VM: OpenJDK 64-Bit Server VM Temurin-17.0.9+9 (17.0.9+9, mixed mode, emulated-client, tiered, compressed oops, compressed class ptrs, g1 gc, windows-amd64)
GC Precious Log:
 CPUs: 8 total, 8 available
 Memory: 8035M
 Large Page Support: Disabled
 NUMA Support: Disabled
 Compressed Oops: Enabled (32-bit)
 Heap Region Size: 1M
 Heap Min Capacity: 8M
 Heap Initial Capacity: 126M
 Heap Max Capacity: 2010M
 Pre-touch: Disabled
 Parallel Workers: 8
 Concurrent Workers: 2
 Concurrent Refinement Workers: 8
 Periodic GC: Disabled
Heap:
 garbage-first heap   total 68608K, used 42129K [0x0000000082600000, 0x0000000100000000)
  region size 1024K, 13 young (13312K), 1 survivors (1024K)
 Metaspace       used 59828K, committed 60544K, reserved 1114112K
  class space    used 8048K, committed 8384K, reserved 1048576K
GC Heap History (20 events):
Event: 3.873 GC heap before
{Heap before GC invocations=7 (full 0):
 garbage-first heap   total 30720K, used 22218K [0x0000000082600000, 0x0000000100000000)
  region size 1024K, 12 young (12288K), 2 survivors (2048K)
 Metaspace       used 29379K, committed 29760K, reserved 1114112K
  class space    used 3535K, committed 3712K, reserved 1048576K
}
Event: 3.881 GC heap after
{Heap after GC invocations=8 (full 0):
 garbage-first heap   total 30720K, used 12639K [0x0000000082600000, 0x0000000100000000)
  region size 1024K, 1 young (1024K), 1 survivors (1024K)
 Metaspace       used 29379K, committed 29760K, reserved 1114112K
  class space    used 3535K, committed 3712K, reserved 1048576K
}
Event: 4.278 GC heap before
{Heap before GC invocations=8 (full 0):
 garbage-first heap   total 30720K, used 22879K [0x0000000082600000, 0x0000000100000000)
  region size 1024K, 11 young (11264K), 1 survivors (1024K)
 Metaspace       used 29602K, committed 29952K, reserved 1114112K
  class space    used 3573K, committed 3712K, reserved 1048576K
}
Event: 4.281 GC heap after
{Heap after GC invocations=9 (full 0):
 garbage-first heap   total 79872K, used 13317K [0x0000000082600000, 0x0000000100000000)
  region size 1024K, 2 young (2048K), 2 survivors (2048K)
 Metaspace       used 29602K, committed 29952K, reserved 1114112K
  class space    used 3573K, committed 3712K, reserved 1048576K
}
Event: 6.130 GC heap before
{Heap before GC invocations=9 (full 0):
 garbage-first heap   total 79872K, used 55301K [0x0000000082600000, 0x0000000100000000)
  region size 1024K, 43 young (44032K), 2 survivors (2048K)
 Metaspace       used 34089K, committed 34496K, reserved 1114112K
  class space    used 4244K, committed 4416K, reserved 1048576K
}
Event: 6.138 GC heap after
{Heap after GC invocations=10 (full 0):
 garbage-first heap   total 79872K, used 16347K [0x0000000082600000, 0x0000000100000000)
  region size 1024K, 5 young (5120K), 5 survivors (5120K)
 Metaspace       used 34089K, committed 34496K, reserved 1114112K
  class space    used 4244K, committed 4416K, reserved 1048576K
}
Event: 6.772 GC heap before
{Heap before GC invocations=10 (full 0):
 garbage-first heap   total 79872K, used 25563K [0x0000000082600000, 0x0000000100000000)
  region size 1024K, 15 young (15360K), 5 survivors (5120K)
 Metaspace       used 35825K, committed 36288K, reserved 1114112K
  class space    used 4492K, committed 4736K, reserved 1048576K
}
Event: 6.779 GC heap after
{Heap after GC invocations=11 (full 0):
 garbage-first heap   total 79872K, used 17665K [0x0000000082600000, 0x0000000100000000)
  region size 1024K, 5 young (5120K), 5 survivors (5120K)
 Metaspace       used 35825K, committed 36288K, reserved 1114112K
  class space    used 4492K, committed 4736K, reserved 1048576K
}
Event: 8.800 GC heap before
{Heap before GC invocations=12 (full 0):
 garbage-first heap   total 68608K, used 53505K [0x0000000082600000, 0x0000000100000000)
  region size 1024K, 40 young (40960K), 5 survivors (5120K)
 Metaspace       used 40157K, committed 40640K, reserved 1114112K
  class space    used 5225K, committed 5440K, reserved 1048576K
}
Event: 8.812 GC heap after
{Heap after GC invocations=13 (full 0):
 garbage-first heap   total 68608K, used 20073K [0x0000000082600000, 0x0000000100000000)
  region size 1024K, 4 young (4096K), 4 survivors (4096K)
 Metaspace       used 40157K, committed 40640K, reserved 1114112K
  class space    used 5225K, committed 5440K, reserved 1048576K
}
Event: 10.514 GC heap before
{Heap before GC invocations=13 (full 0):
 garbage-first heap   total 68608K, used 51817K [0x0000000082600000, 0x0000000100000000)
  region size 1024K, 35 young (35840K), 4 survivors (4096K)
 Metaspace       used 46973K, committed 47424K, reserved 1114112K
  class space    used 6148K, committed 6336K, reserved 1048576K
}
Event: 10.524 GC heap after
{Heap after GC invocations=14 (full 0):
 garbage-first heap   total 68608K, used 22319K [0x0000000082600000, 0x0000000100000000)
  region size 1024K, 3 young (3072K), 3 survivors (3072K)
 Metaspace       used 46973K, committed 47424K, reserved 1114112K
  class space    used 6148K, committed 6336K, reserved 1048576K
}
Event: 12.095 GC heap before
{Heap before GC invocations=14 (full 0):
 garbage-first heap   total 68608K, used 52015K [0x0000000082600000, 0x0000000100000000)
  region size 1024K, 32 young (32768K), 3 survivors (3072K)
 Metaspace       used 51103K, committed 51648K, reserved 1114112K
  class space    used 6777K, committed 7040K, reserved 1048576K
}
Event: 12.109 GC heap after
{Heap after GC invocations=15 (full 0):
 garbage-first heap   total 68608K, used 24746K [0x0000000082600000, 0x0000000100000000)
  region size 1024K, 3 young (3072K), 3 survivors (3072K)
 Metaspace       used 51103K, committed 51648K, reserved 1114112K
  class space    used 6777K, committed 7040K, reserved 1048576K
}
Event: 31.076 GC heap before
{Heap before GC invocations=15 (full 0):
 garbage-first heap   total 68608K, used 52394K [0x0000000082600000, 0x0000000100000000)
  region size 1024K, 31 young (31744K), 3 survivors (3072K)
 Metaspace       used 56206K, committed 56832K, reserved 1114112K
  class space    used 7547K, committed 7872K, reserved 1048576K
}
Event: 31.088 GC heap after
{Heap after GC invocations=16 (full 0):
 garbage-first heap   total 68608K, used 27231K [0x0000000082600000, 0x0000000100000000)
  region size 1024K, 3 young (3072K), 3 survivors (3072K)
 Metaspace       used 56206K, committed 56832K, reserved 1114112K
  class space    used 7547K, committed 7872K, reserved 1048576K
}
Event: 218.281 GC heap before
{Heap before GC invocations=16 (full 0):
 garbage-first heap   total 68608K, used 51807K [0x0000000082600000, 0x0000000100000000)
  region size 1024K, 28 young (28672K), 3 survivors (3072K)
 Metaspace       used 59293K, committed 60032K, reserved 1114112K
  class space    used 7957K, committed 8320K, reserved 1048576K
}
Event: 218.291 GC heap after
{Heap after GC invocations=17 (full 0):
 garbage-first heap   total 68608K, used 30174K [0x0000000082600000, 0x0000000100000000)
  region size 1024K, 3 young (3072K), 3 survivors (3072K)
 Metaspace       used 59293K, committed 60032K, reserved 1114112K
  class space    used 7957K, committed 8320K, reserved 1048576K
}
Event: 730.601 GC heap before
{Heap before GC invocations=17 (full 0):
 garbage-first heap   total 68608K, used 53726K [0x0000000082600000, 0x0000000100000000)
  region size 1024K, 26 young (26624K), 3 survivors (3072K)
 Metaspace       used 59801K, committed 60480K, reserved 1114112K
  class space    used 8044K, committed 8384K, reserved 1048576K
}
Event: 730.611 GC heap after
{Heap after GC invocations=18 (full 0):
 garbage-first heap   total 68608K, used 30865K [0x0000000082600000, 0x0000000100000000)
  region size 1024K, 1 young (1024K), 1 survivors (1024K)
 Metaspace       used 59801K, committed 60480K, reserved 1114112K
  class space    used 8044K, committed 8384K, reserved 1048576K
}

